
> Configure project :
Fabric Loom: 1.13.6

> Task :checkKotlinGradlePluginConfigurationErrors SKIPPED

> Task :compileKotlin FAILED
./gradlew : e: file://
/D:/Users/mikka/Docume
nts/Development/mikkas
-mod/mikkas-mod-templa
te-1.21.1/src/main/kot
lin/com/mikka/mod/enti
ty/BackroomsBossEntity
.kt:2:27 Unresolved 
reference 'random'.
At line:1 char:1
+ ./gradlew 
compileKotlin 
--stacktrace > 
build_debug_11.log 
2>&1
+ ~~~~~~~~~~~~~~~~~~~~
~~~~~~~~~~~~~~~~~~~~~~
~~~~~~~~~~~~~~~~~~~~
    + CategoryInfo    
          : NotSpeci  
  fied: (e: file://   
 /D:/U...rence 'ra    
ndom'.:String) []    
, RemoteException
    + FullyQualifiedE 
   rrorId : NativeCo  
  mmandError
 
e: file:///D:/Users/mi
kka/Documents/Developm
ent/mikkas-mod/mikkas-
mod-template-1.21.1/sr
c/main/kotlin/com/mikk
a/mod/entity/Backrooms
BossEntity.kt:3:27 
Unresolved reference 
'random'.
e: file:///D:/Users/mi
kka/Documents/Developm
ent/mikkas-mod/mikkas-
mod-template-1.21.1/sr
c/main/kotlin/com/mikk
a/mod/entity/Backrooms
BossEntity.kt:4:27 
Unresolved reference 
'random'.
e: file:///D:/Users/mi
kka/Documents/Developm
ent/mikkas-mod/mikkas-
mod-template-1.21.1/sr
c/main/kotlin/com/mikk
a/mod/entity/Backrooms
BossEntity.kt:5:17 
Syntax error: 
Expecting a top level 
declaration.
e: file:///D:/Users/mi
kka/Documents/Developm
ent/mikkas-mod/mikkas-
mod-template-1.21.1/sr
c/main/kotlin/com/mikk
a/mod/entity/Backrooms
BossEntity.kt:5:20 
Syntax error: 
Expecting a top level 
declaration.
e: file:///D:/Users/mi
kka/Documents/Developm
ent/mikkas-mod/mikkas-
mod-template-1.21.1/sr
c/main/kotlin/com/mikk
a/mod/entity/Backrooms
BossEntity.kt:5:21 
Syntax error: 
Expecting a top level 
declaration.
e: file:///D:/Users/mi
kka/Documents/Developm
ent/mikkas-mod/mikkas-
mod-template-1.21.1/sr
c/main/kotlin/com/mikk
a/mod/entity/Backrooms
BossEntity.kt:5:25 
Syntax error: 
Expecting a top level 
declaration.
e: file:///D:/Users/mi
kka/Documents/Developm
ent/mikkas-mod/mikkas-
mod-template-1.21.1/sr
c/main/kotlin/com/mikk
a/mod/entity/Backrooms
BossEntity.kt:5:26 
Syntax error: 
Expecting a top level 
declaration.
e: file:///D:/Users/mi
kka/Documents/Developm
ent/mikkas-mod/mikkas-
mod-template-1.21.1/sr
c/main/kotlin/com/mikk
a/mod/entity/Backrooms
BossEntity.kt:5:40 
Syntax error: 
Expecting a top level 
declaration.
e: file:///D:/Users/mi
kka/Documents/Developm
ent/mikkas-mod/mikkas-
mod-template-1.21.1/sr
c/main/kotlin/com/mikk
a/mod/entity/Backrooms
BossEntity.kt:5:41 
Syntax error: 
Expecting a top level 
declaration.
e: file:///D:/Users/mi
kka/Documents/Developm
ent/mikkas-mod/mikkas-
mod-template-1.21.1/sr
c/main/kotlin/com/mikk
a/mod/entity/Backrooms
BossEntity.kt:5:45 
Syntax error: 
Expecting a top level 
declaration.
e: file:///D:/Users/mi
kka/Documents/Developm
ent/mikkas-mod/mikkas-
mod-template-1.21.1/sr
c/main/kotlin/com/mikk
a/mod/entity/Backrooms
BossEntity.kt:5:46 
Syntax error: 
Expecting a top level 
declaration.
e: file:///D:/Users/mi
kka/Documents/Developm
ent/mikkas-mod/mikkas-
mod-template-1.21.1/sr
c/main/kotlin/com/mikk
a/mod/entity/Backrooms
BossEntity.kt:5:48 
Syntax error: 
Expecting a top level 
declaration.
e: file:///D:/Users/mi
kka/Documents/Developm
ent/mikkas-mod/mikkas-
mod-template-1.21.1/sr
c/main/kotlin/com/mikk
a/mod/entity/Backrooms
BossEntity.kt:5:50 
Syntax error: 
Expecting a top level 
declaration.
e: file:///D:/Users/mi
kka/Documents/Developm
ent/mikkas-mod/mikkas-
mod-template-1.21.1/sr
c/main/kotlin/com/mikk
a/mod/entity/Backrooms
BossEntity.kt:5:52 
Syntax error: 
Expecting a top level 
declaration.
e: file:///D:/Users/mi
kka/Documents/Developm
ent/mikkas-mod/mikkas-
mod-template-1.21.1/sr
c/main/kotlin/com/mikk
a/mod/entity/Backrooms
BossEntity.kt:5:54 
Syntax error: 
Expecting a top level 
declaration.
e: file:///D:/Users/mi
kka/Documents/Developm
ent/mikkas-mod/mikkas-
mod-template-1.21.1/sr
c/main/kotlin/com/mikk
a/mod/entity/Backrooms
BossEntity.kt:5:58 
Syntax error: 
Expecting a top level 
declaration.
e: file:///D:/Users/mi
kka/Documents/Developm
ent/mikkas-mod/mikkas-
mod-template-1.21.1/sr
c/main/kotlin/com/mikk
a/mod/entity/Backrooms
BossEntity.kt:5:59 
Syntax error: 
Expecting a top level 
declaration.
e: file:///D:/Users/mi
kka/Documents/Developm
ent/mikkas-mod/mikkas-
mod-template-1.21.1/sr
c/main/kotlin/com/mikk
a/mod/entity/Backrooms
BossEntity.kt:5:61 
Syntax error: 
Expecting a top level 
declaration.
e: file:///D:/Users/mi
kka/Documents/Developm
ent/mikkas-mod/mikkas-
mod-template-1.21.1/sr
c/main/kotlin/com/mikk
a/mod/entity/Backrooms
BossEntity.kt:5:63 
Syntax error: 
Expecting a top level 
declaration.
e: file:///D:/Users/mi
kka/Documents/Developm
ent/mikkas-mod/mikkas-
mod-template-1.21.1/sr
c/main/kotlin/com/mikk
a/mod/entity/Backrooms
BossEntity.kt:5:65 
Syntax error: 
Expecting a top level 
declaration.
e: file:///D:/Users/mi
kka/Documents/Developm
ent/mikkas-mod/mikkas-
mod-template-1.21.1/sr
c/main/kotlin/com/mikk
a/mod/entity/Backrooms
BossEntity.kt:5:67 
Syntax error: 
Expecting a top level 
declaration.
e: file:///D:/Users/mi
kka/Documents/Developm
ent/mikkas-mod/mikkas-
mod-template-1.21.1/sr
c/main/kotlin/com/mikk
a/mod/entity/Backrooms
BossEntity.kt:5:71 
Syntax error: 
Expecting a top level 
declaration.
e: file:///D:/Users/mi
kka/Documents/Developm
ent/mikkas-mod/mikkas-
mod-template-1.21.1/sr
c/main/kotlin/com/mikk
a/mod/entity/Backrooms
BossEntity.kt:5:72 
Syntax error: 
Expecting a top level 
declaration.
e: file:///D:/Users/mi
kka/Documents/Developm
ent/mikkas-mod/mikkas-
mod-template-1.21.1/sr
c/main/kotlin/com/mikk
a/mod/entity/Backrooms
BossEntity.kt:5:74 
Syntax error: 
Expecting a top level 
declaration.
e: file:///D:/Users/mi
kka/Documents/Developm
ent/mikkas-mod/mikkas-
mod-template-1.21.1/sr
c/main/kotlin/com/mikk
a/mod/entity/Backrooms
BossEntity.kt:5:76 
Syntax error: 
Expecting a top level 
declaration.
e: file:///D:/Users/mi
kka/Documents/Developm
ent/mikkas-mod/mikkas-
mod-template-1.21.1/sr
c/main/kotlin/com/mikk
a/mod/entity/Backrooms
BossEntity.kt:5:78 
Syntax error: 
Expecting a top level 
declaration.
e: file:///D:/Users/mi
kka/Documents/Developm
ent/mikkas-mod/mikkas-
mod-template-1.21.1/sr
c/main/kotlin/com/mikk
a/mod/entity/Backrooms
BossEntity.kt:5:80 
Syntax error: 
Expecting a top level 
declaration.
e: file:///D:/Users/mi
kka/Documents/Developm
ent/mikkas-mod/mikkas-
mod-template-1.21.1/sr
c/main/kotlin/com/mikk
a/mod/entity/Backrooms
BossEntity.kt:5:84 
Syntax error: 
Expecting a top level 
declaration.
e: file:///D:/Users/mi
kka/Documents/Developm
ent/mikkas-mod/mikkas-
mod-template-1.21.1/sr
c/main/kotlin/com/mikk
a/mod/entity/Backrooms
BossEntity.kt:5:85 
Syntax error: 
Expecting a top level 
declaration.
e: file:///D:/Users/mi
kka/Documents/Developm
ent/mikkas-mod/mikkas-
mod-template-1.21.1/sr
c/main/kotlin/com/mikk
a/mod/entity/Backrooms
BossEntity.kt:5:87 
Syntax error: 
Expecting a top level 
declaration.
e: file:///D:/Users/mi
kka/Documents/Developm
ent/mikkas-mod/mikkas-
mod-template-1.21.1/sr
c/main/kotlin/com/mikk
a/mod/entity/Backrooms
BossEntity.kt:5:87 
Function declaration 
must have a name.
e: file:///D:/Users/mi
kka/Documents/Developm
ent/mikkas-mod/mikkas-
mod-template-1.21.1/sr
c/main/kotlin/com/mikk
a/mod/entity/Backrooms
BossEntity.kt:6:21 
'this' is not defined 
in this context.
e: file:///D:/Users/mi
kka/Documents/Developm
ent/mikkas-mod/mikkas-
mod-template-1.21.1/sr
c/main/kotlin/com/mikk
a/mod/entity/Backrooms
BossEntity.kt:6:26 
Unresolved reference 
'level'.
e: file:///D:/Users/mi
kka/Documents/Developm
ent/mikkas-mod/mikkas-
mod-template-1.21.1/sr
c/main/kotlin/com/mikk
a/mod/entity/Backrooms
BossEntity.kt:6:50 
'this' is not defined 
in this context.
e: file:///D:/Users/mi
kka/Documents/Developm
ent/mikkas-mod/mikkas-
mod-template-1.21.1/sr
c/main/kotlin/com/mikk
a/mod/entity/Backrooms
BossEntity.kt:6:55 
Unresolved reference 
'blockPosition'.
e: file:///D:/Users/mi
kka/Documents/Developm
ent/mikkas-mod/mikkas-
mod-template-1.21.1/sr
c/main/kotlin/com/mikk
a/mod/entity/Backrooms
BossEntity.kt:6:72 
Unresolved reference 
'SoundEvents'.
e: file:///D:/Users/mi
kka/Documents/Developm
ent/mikkas-mod/mikkas-
mod-template-1.21.1/sr
c/main/kotlin/com/mikk
a/mod/entity/Backrooms
BossEntity.kt:6:103 
'this' is not defined 
in this context.
e: file:///D:/Users/mi
kka/Documents/Developm
ent/mikkas-mod/mikkas-
mod-template-1.21.1/sr
c/main/kotlin/com/mikk
a/mod/entity/Backrooms
BossEntity.kt:6:108 
Unresolved reference 
'soundSource'.
e: file:///D:/Users/mi
kka/Documents/Developm
ent/mikkas-mod/mikkas-
mod-template-1.21.1/sr
c/main/kotlin/com/mikk
a/mod/entity/Backrooms
BossEntity.kt:7:21 
'break' and 
'continue' are only 
allowed inside loops.
e: file:///D:/Users/mi
kka/Documents/Developm
ent/mikkas-mod/mikkas-
mod-template-1.21.1/sr
c/main/kotlin/com/mikk
a/mod/entity/Backrooms
BossEntity.kt:9:13 
Syntax error: 
Expecting a top level 
declaration.
e: file:///D:/Users/mi
kka/Documents/Developm
ent/mikkas-mod/mikkas-
mod-template-1.21.1/sr
c/main/kotlin/com/mikk
a/mod/entity/Backrooms
BossEntity.kt:10:9 
Syntax error: 
Expecting a top level 
declaration.
e: file:///D:/Users/mi
kka/Documents/Developm
ent/mikkas-mod/mikkas-
mod-template-1.21.1/sr
c/main/kotlin/com/mikk
a/mod/entity/Backrooms
BossEntity.kt:12:9 
Syntax error: 
Expecting a top level 
declaration.
e: file:///D:/Users/mi
kka/Documents/Developm
ent/mikkas-mod/mikkas-
mod-template-1.21.1/sr
c/main/kotlin/com/mikk
a/mod/entity/Backrooms
BossEntity.kt:12:16 
Syntax error: 
Expecting a top level 
declaration.
e: file:///D:/Users/mi
kka/Documents/Developm
ent/mikkas-mod/mikkas-
mod-template-1.21.1/sr
c/main/kotlin/com/mikk
a/mod/entity/Backrooms
BossEntity.kt:12:21 
Syntax error: 
Expecting a top level 
declaration.
e: file:///D:/Users/mi
kka/Documents/Developm
ent/mikkas-mod/mikkas-
mod-template-1.21.1/sr
c/main/kotlin/com/mikk
a/mod/entity/Backrooms
BossEntity.kt:12:22 
Syntax error: 
Expecting a top level 
declaration.
e: file:///D:/Users/mi
kka/Documents/Developm
ent/mikkas-mod/mikkas-
mod-template-1.21.1/sr
c/main/kotlin/com/mikk
a/mod/entity/Backrooms
BossEntity.kt:12:26 
Syntax error: 
Expecting a top level 
declaration.
e: file:///D:/Users/mi
kka/Documents/Developm
ent/mikkas-mod/mikkas-
mod-template-1.21.1/sr
c/main/kotlin/com/mikk
a/mod/entity/Backrooms
BossEntity.kt:12:27 
Syntax error: 
Expecting a top level 
declaration.
e: file:///D:/Users/mi
kka/Documents/Developm
ent/mikkas-mod/mikkas-
mod-template-1.21.1/sr
c/main/kotlin/com/mikk
a/mod/entity/Backrooms
BossEntity.kt:12:33 
Syntax error: 
Expecting a top level 
declaration.
e: file:///D:/Users/mi
kka/Documents/Developm
ent/mikkas-mod/mikkas-
mod-template-1.21.1/sr
c/main/kotlin/com/mikk
a/mod/entity/Backrooms
BossEntity.kt:12:35 
Syntax error: 
Expecting a top level 
declaration.
e: file:///D:/Users/mi
kka/Documents/Developm
ent/mikkas-mod/mikkas-
mod-template-1.21.1/sr
c/main/kotlin/com/mikk
a/mod/entity/Backrooms
BossEntity.kt:12:41 
Syntax error: 
Expecting a top level 
declaration.
e: file:///D:/Users/mi
kka/Documents/Developm
ent/mikkas-mod/mikkas-
mod-template-1.21.1/sr
c/main/kotlin/com/mikk
a/mod/entity/Backrooms
BossEntity.kt:13:5 
Syntax error: 
Expecting a top level 
declaration.
e: file:///D:/Users/mi
kka/Documents/Developm
ent/mikkas-mod/mikkas-
mod-template-1.21.1/sr
c/main/kotlin/com/mikk
a/mod/entity/Backrooms
BossEntity.kt:15:5 
Modifier 'override' 
is not applicable to 
'top level function'.
e: file:///D:/Users/mi
kka/Documents/Developm
ent/mikkas-mod/mikkas-
mod-template-1.21.1/sr
c/main/kotlin/com/mikk
a/mod/entity/Backrooms
BossEntity.kt:15:51 
Unresolved reference 
'ServerLevel'.
e: file:///D:/Users/mi
kka/Documents/Developm
ent/mikkas-mod/mikkas-
mod-template-1.21.1/sr
c/main/kotlin/com/mikk
a/mod/entity/Backrooms
BossEntity.kt:15:78 
Unresolved reference 
'DamageSource'.
e: file:///D:/Users/mi
kka/Documents/Developm
ent/mikkas-mod/mikkas-
mod-template-1.21.1/sr
c/main/kotlin/com/mikk
a/mod/entity/Backrooms
BossEntity.kt:16:9 No 
supertypes are 
accessible in this 
context.
e: file:///D:/Users/mi
kka/Documents/Developm
ent/mikkas-mod/mikkas-
mod-template-1.21.1/sr
c/main/kotlin/com/mikk
a/mod/entity/Backrooms
BossEntity.kt:18:13 
'this' is not defined 
in this context.
e: file:///D:/Users/mi
kka/Documents/Developm
ent/mikkas-mod/mikkas-
mod-template-1.21.1/sr
c/main/kotlin/com/mikk
a/mod/entity/Backrooms
BossEntity.kt:18:18 
Unresolved reference 
'spawnAtLocation'.
e: file:///D:/Users/mi
kka/Documents/Developm
ent/mikkas-mod/mikkas-
mod-template-1.21.1/sr
c/main/kotlin/com/mikk
a/mod/entity/Backrooms
BossEntity.kt:18:34 
Unresolved reference 
'ItemStack'.
e: file:///D:/Users/mi
kka/Documents/Developm
ent/mikkas-mod/mikkas-
mod-template-1.21.1/sr
c/main/kotlin/com/mikk
a/mod/entity/Backrooms
BossEntity.kt:18:44 
Unresolved reference 
'ModItems'.
e: file:///D:/Users/mi
kka/Documents/Developm
ent/mikkas-mod/mikkas-
mod-template-1.21.1/sr
c/main/kotlin/com/mikk
a/mod/entity/Backrooms
BossEntity.kt:19:13 
'this' is not defined 
in this context.
e: file:///D:/Users/mi
kka/Documents/Developm
ent/mikkas-mod/mikkas-
mod-template-1.21.1/sr
c/main/kotlin/com/mikk
a/mod/entity/Backrooms
BossEntity.kt:19:18 
Unresolved reference 
'spawnAtLocation'.
e: file:///D:/Users/mi
kka/Documents/Developm
ent/mikkas-mod/mikkas-
mod-template-1.21.1/sr
c/main/kotlin/com/mikk
a/mod/entity/Backrooms
BossEntity.kt:19:34 
Unresolved reference 
'ItemStack'.
e: file:///D:/Users/mi
kka/Documents/Developm
ent/mikkas-mod/mikkas-
mod-template-1.21.1/sr
c/main/kotlin/com/mikk
a/mod/entity/Backrooms
BossEntity.kt:19:44 
Unresolved reference 
'ModItems'.
e: file:///D:/Users/mi
kka/Documents/Developm
ent/mikkas-mod/mikkas-
mod-template-1.21.1/sr
c/main/kotlin/com/mikk
a/mod/entity/Backrooms
BossEntity.kt:22:39 
Unresolved reference 
'getEntitiesOfClass'.
e: file:///D:/Users/mi
kka/Documents/Developm
ent/mikkas-mod/mikkas-
mod-template-1.21.1/sr
c/main/kotlin/com/mikk
a/mod/entity/Backrooms
BossEntity.kt:22:111 
'this' is not defined 
in this context.
e: file:///D:/Users/mi
kka/Documents/Developm
ent/mikkas-mod/mikkas-
mod-template-1.21.1/sr
c/main/kotlin/com/mikk
a/mod/entity/Backrooms
BossEntity.kt:22:116 
Unresolved reference 
'boundingBox'.
e: file:///D:/Users/mi
kka/Documents/Developm
ent/mikkas-mod/mikkas-
mod-template-1.21.1/sr
c/main/kotlin/com/mikk
a/mod/entity/Backrooms
BossEntity.kt:23:43 
Unresolved reference 
'server'.
e: file:///D:/Users/mi
kka/Documents/Developm
ent/mikkas-mod/mikkas-
mod-template-1.21.1/sr
c/main/kotlin/com/mikk
a/mod/entity/Backrooms
BossEntity.kt:23:63 
Cannot infer type for 
type parameter 'V'. 
Specify it explicitly.
e: file:///D:/Users/mi
kka/Documents/Developm
ent/mikkas-mod/mikkas-
mod-template-1.21.1/sr
c/main/kotlin/com/mikk
a/mod/entity/Backrooms
BossEntity.kt:25:35 
Cannot infer type for 
value parameter 
'player'. Specify it 
explicitly.
e: file:///D:/Users/mi
kka/Documents/Developm
ent/mikkas-mod/mikkas-
mod-template-1.21.1/sr
c/main/kotlin/com/mikk
a/mod/entity/Backrooms
BossEntity.kt:26:43 
Unresolved reference 
'advancements'.
e: file:///D:/Users/mi
kka/Documents/Developm
ent/mikkas-mod/mikkas-
mod-template-1.21.1/sr
c/main/kotlin/com/mikk
a/mod/entity/Backrooms
BossEntity.kt:28:62 
Cannot infer type for 
value parameter 
'criterion'. Specify 
it explicitly.
e: file:///D:/Users/mi
kka/Documents/Developm
ent/mikkas-mod/mikkas-
mod-template-1.21.1/sr
c/main/kotlin/com/mikk
a/mod/entity/Backrooms
BossEntity.kt:29:36 
Unresolved reference 
'advancements'.
e: file:///D:/Users/mi
kka/Documents/Developm
ent/mikkas-mod/mikkas-
mod-template-1.21.1/sr
c/main/kotlin/com/mikk
a/mod/entity/Backrooms
BossEntity.kt:37:5 
Modifier 'override' 
is not applicable to 
'top level function'.
e: file:///D:/Users/mi
kka/Documents/Developm
ent/mikkas-mod/mikkas-
mod-template-1.21.1/sr
c/main/kotlin/com/mikk
a/mod/entity/Backrooms
BossEntity.kt:37:38 
Unresolved reference 
'SoundEvents'.
e: file:///D:/Users/mi
kka/Documents/Developm
ent/mikkas-mod/mikkas-
mod-template-1.21.1/sr
c/main/kotlin/com/mikk
a/mod/entity/Backrooms
BossEntity.kt:38:5 
Modifier 'override' 
is not applicable to 
'top level function'.
e: file:///D:/Users/mi
kka/Documents/Developm
ent/mikkas-mod/mikkas-
mod-template-1.21.1/sr
c/main/kotlin/com/mikk
a/mod/entity/Backrooms
BossEntity.kt:38:45 
Unresolved reference 
'DamageSource'.
e: file:///D:/Users/mi
kka/Documents/Developm
ent/mikkas-mod/mikkas-
mod-template-1.21.1/sr
c/main/kotlin/com/mikk
a/mod/entity/Backrooms
BossEntity.kt:38:61 
Unresolved reference 
'SoundEvents'.
e: file:///D:/Users/mi
kka/Documents/Developm
ent/mikkas-mod/mikkas-
mod-template-1.21.1/sr
c/main/kotlin/com/mikk
a/mod/entity/Backrooms
BossEntity.kt:39:5 
Modifier 'override' 
is not applicable to 
'top level function'.
e: file:///D:/Users/mi
kka/Documents/Developm
ent/mikkas-mod/mikkas-
mod-template-1.21.1/sr
c/main/kotlin/com/mikk
a/mod/entity/Backrooms
BossEntity.kt:39:36 
Unresolved reference 
'SoundEvents'.
e: file:///D:/Users/mi
kka/Documents/Developm
ent/mikkas-mod/mikkas-
mod-template-1.21.1/sr
c/main/kotlin/com/mikk
a/mod/entity/Backrooms
BossEntity.kt:40:1 
Syntax error: 
Expecting a top level 
declaration.
e: file:///D:/Users/mi
kka/Documents/Developm
ent/mikkas-mod/mikkas-
mod-template-1.21.1/sr
c/main/kotlin/com/mikk
a/mod/entity/ModEntiti
es.kt:22:36 
Unresolved reference 
'BackroomsBossEntity'.
e: file:///D:/Users/mi
kka/Documents/Developm
ent/mikkas-mod/mikkas-
mod-template-1.21.1/sr
c/main/kotlin/com/mikk
a/mod/entity/ModEntiti
es.kt:22:68 Cannot 
infer type for type 
parameter 'V'. 
Specify it explicitly.
e: file:///D:/Users/mi
kka/Documents/Developm
ent/mikkas-mod/mikkas-
mod-template-1.21.1/sr
c/main/kotlin/com/mikk
a/mod/entity/ModEntiti
es.kt:22:68 Cannot 
infer type for type 
parameter 'T'. 
Specify it explicitly.
e: file:///D:/Users/mi
kka/Documents/Developm
ent/mikkas-mod/mikkas-
mod-template-1.21.1/sr
c/main/kotlin/com/mikk
a/mod/entity/ModEntiti
es.kt:25:33 Cannot 
infer type for type 
parameter 'T'. 
Specify it explicitly.
e: file:///D:/Users/mi
kka/Documents/Developm
ent/mikkas-mod/mikkas-
mod-template-1.21.1/sr
c/main/kotlin/com/mikk
a/mod/entity/ModEntiti
es.kt:25:63 
Unresolved reference 
'BackroomsBossEntity'.
e: file:///D:/Users/mi
kka/Documents/Developm
ent/mikkas-mod/mikkas-
mod-template-1.21.1/sr
c/main/kotlin/com/mikk
a/mod/entity/ModEntiti
es.kt:32:65 
Unresolved reference 
'BackroomsBossEntity'.
e: file:///D:/Users/mi
kka/Documents/Developm
ent/mikkas-mod/mikkas-
mod-template-1.21.1/sr
c/main/kotlin/com/mikk
a/mod/world/gen/Backro
omsChunkGenerator.kt:9
6:38 Unresolved 
reference 'moveTo'.
e: file:///D:/Users/mi
kka/Documents/Developm
ent/mikkas-mod/mikkas-
mod-template-1.21.1/sr
c/main/kotlin/com/mikk
a/mod/world/gen/Backro
omsChunkGenerator.kt:9
7:55 Argument type 
mismatch: actual type 
is 'Any', but 
'Entity!' was 
expected.

FAILURE: Build failed 
with an exception.

* What went wrong:
Execution failed for 
task ':compileKotlin'.
> A failure occurred 
while executing org.je
tbrains.kotlin.compile
rRunner.GradleCompiler
RunnerWithWorkers$Grad
leKotlinCompilerWorkAc
tion
   > Compilation 
error. See log for 
more details

* Try:
> Run with --info or 
--debug option to get 
more log output.
> Run with --scan to 
generate a Build Scan 
(Powered by 
Develocity).
> Get more help at htt
ps://help.gradle.org.

* Exception is:
org.gradle.api.tasks.T
askExecutionException:
 Execution failed for 
task ':compileKotlin'.
	at org.gradle.api.int
ernal.tasks.execution.
ExecuteActionsTaskExec
uter.lambda$executeIfV
alid$1(ExecuteActionsT
askExecuter.java:135)
	at org.gradle.interna
l.Try$Failure.ifSucces
sfulOrElse(Try.java:28
8)
	at org.gradle.api.int
ernal.tasks.execution.
ExecuteActionsTaskExec
uter.executeIfValid(Ex
ecuteActionsTaskExecut
er.java:133)
	at org.gradle.api.int
ernal.tasks.execution.
ExecuteActionsTaskExec
uter.execute(ExecuteAc
tionsTaskExecuter.java
:121)
	at org.gradle.api.int
ernal.tasks.execution.
ProblemsTaskPathTracki
ngTaskExecuter.execute
(ProblemsTaskPathTrack
ingTaskExecuter.java:4
1)
	at org.gradle.api.int
ernal.tasks.execution.
FinalizePropertiesTask
Executer.execute(Final
izePropertiesTaskExecu
ter.java:46)
	at org.gradle.api.int
ernal.tasks.execution.
ResolveTaskExecutionMo
deExecuter.execute(Res
olveTaskExecutionModeE
xecuter.java:51)
	at org.gradle.api.int
ernal.tasks.execution.
SkipTaskWithNoActionsE
xecuter.execute(SkipTa
skWithNoActionsExecute
r.java:57)
	at org.gradle.api.int
ernal.tasks.execution.
SkipOnlyIfTaskExecuter
.execute(SkipOnlyIfTas
kExecuter.java:74)
	at org.gradle.api.int
ernal.tasks.execution.
CatchExceptionTaskExec
uter.execute(CatchExce
ptionTaskExecuter.java
:36)
	at org.gradle.api.int
ernal.tasks.execution.
EventFiringTaskExecute
r$1.executeTask(EventF
iringTaskExecuter.java
:77)
	at org.gradle.api.int
ernal.tasks.execution.
EventFiringTaskExecute
r$1.call(EventFiringTa
skExecuter.java:55)
	at org.gradle.api.int
ernal.tasks.execution.
EventFiringTaskExecute
r$1.call(EventFiringTa
skExecuter.java:52)
	at org.gradle.interna
l.operations.DefaultBu
ildOperationRunner$Cal
lableBuildOperationWor
ker.execute(DefaultBui
ldOperationRunner.java
:209)
	at org.gradle.interna
l.operations.DefaultBu
ildOperationRunner$Cal
lableBuildOperationWor
ker.execute(DefaultBui
ldOperationRunner.java
:204)
	at org.gradle.interna
l.operations.DefaultBu
ildOperationRunner$2.e
xecute(DefaultBuildOpe
rationRunner.java:66)
	at org.gradle.interna
l.operations.DefaultBu
ildOperationRunner$2.e
xecute(DefaultBuildOpe
rationRunner.java:59)
	at org.gradle.interna
l.operations.DefaultBu
ildOperationRunner.exe
cute(DefaultBuildOpera
tionRunner.java:166)
	at org.gradle.interna
l.operations.DefaultBu
ildOperationRunner.exe
cute(DefaultBuildOpera
tionRunner.java:59)
	at org.gradle.interna
l.operations.DefaultBu
ildOperationRunner.cal
l(DefaultBuildOperatio
nRunner.java:53)
	at org.gradle.api.int
ernal.tasks.execution.
EventFiringTaskExecute
r.execute(EventFiringT
askExecuter.java:52)
	at org.gradle.executi
on.plan.LocalTaskNodeE
xecutor.execute(LocalT
askNodeExecutor.java:4
5)
	at org.gradle.executi
on.taskgraph.DefaultTa
skExecutionGraph$Invok
eNodeExecutorsAction.e
xecute(DefaultTaskExec
utionGraph.java:355)
	at org.gradle.executi
on.taskgraph.DefaultTa
skExecutionGraph$Invok
eNodeExecutorsAction.e
xecute(DefaultTaskExec
utionGraph.java:342)
	at org.gradle.executi
on.taskgraph.DefaultTa
skExecutionGraph$Build
OperationAwareExecutio
nAction.lambda$execute
$0(DefaultTaskExecutio
nGraph.java:338)
	at org.gradle.interna
l.operations.CurrentBu
ildOperationRef.with(C
urrentBuildOperationRe
f.java:84)
	at org.gradle.executi
on.taskgraph.DefaultTa
skExecutionGraph$Build
OperationAwareExecutio
nAction.execute(Defaul
tTaskExecutionGraph.ja
va:338)
	at org.gradle.executi
on.taskgraph.DefaultTa
skExecutionGraph$Build
OperationAwareExecutio
nAction.execute(Defaul
tTaskExecutionGraph.ja
va:327)
	at org.gradle.executi
on.plan.DefaultPlanExe
cutor$ExecutorWorker.e
xecute(DefaultPlanExec
utor.java:459)
	at org.gradle.executi
on.plan.DefaultPlanExe
cutor$ExecutorWorker.r
un(DefaultPlanExecutor
.java:376)
	at org.gradle.interna
l.concurrent.ExecutorP
olicy$CatchAndRecordFa
ilures.onExecute(Execu
torPolicy.java:64)
	at org.gradle.interna
l.concurrent.AbstractM
anagedExecutor$1.run(A
bstractManagedExecutor
.java:47)
Caused by: org.gradle.
workers.internal.Defau
ltWorkerExecutor$WorkE
xecutionException: A 
failure occurred 
while executing org.je
tbrains.kotlin.compile
rRunner.GradleCompiler
RunnerWithWorkers$Grad
leKotlinCompilerWorkAc
tion
	at org.gradle.workers
.internal.DefaultWorke
rExecutor$WorkItemExec
ution.waitForCompletio
n(DefaultWorkerExecuto
r.java:289)
	at org.gradle.interna
l.work.DefaultAsyncWor
kTracker.lambda$waitFo
rItemsAndGatherFailure
s$2(DefaultAsyncWorkTr
acker.java:130)
	at org.gradle.interna
l.Factories$1.create(F
actories.java:31)
	at org.gradle.interna
l.work.DefaultWorkerLe
aseService.withoutLock
s(DefaultWorkerLeaseSe
rvice.java:335)
	at org.gradle.interna
l.work.DefaultWorkerLe
aseService.withoutLock
s(DefaultWorkerLeaseSe
rvice.java:318)
	at org.gradle.interna
l.work.DefaultWorkerLe
aseService.withoutLock
(DefaultWorkerLeaseSer
vice.java:323)
	at org.gradle.interna
l.work.DefaultAsyncWor
kTracker.waitForItemsA
ndGatherFailures(Defau
ltAsyncWorkTracker.jav
a:126)
	at org.gradle.interna
l.work.DefaultAsyncWor
kTracker.waitForItemsA
ndGatherFailures(Defau
ltAsyncWorkTracker.jav
a:92)
	at org.gradle.interna
l.work.DefaultAsyncWor
kTracker.waitForAll(De
faultAsyncWorkTracker.
java:78)
	at org.gradle.interna
l.work.DefaultAsyncWor
kTracker.waitForComple
tion(DefaultAsyncWorkT
racker.java:66)
	at org.gradle.api.int
ernal.tasks.execution.
TaskExecution$3.run(Ta
skExecution.java:260)
	at org.gradle.interna
l.operations.DefaultBu
ildOperationRunner$1.e
xecute(DefaultBuildOpe
rationRunner.java:29)
	at org.gradle.interna
l.operations.DefaultBu
ildOperationRunner$1.e
xecute(DefaultBuildOpe
rationRunner.java:26)
	at org.gradle.interna
l.operations.DefaultBu
ildOperationRunner$2.e
xecute(DefaultBuildOpe
rationRunner.java:66)
	at org.gradle.interna
l.operations.DefaultBu
ildOperationRunner$2.e
xecute(DefaultBuildOpe
rationRunner.java:59)
	at org.gradle.interna
l.operations.DefaultBu
ildOperationRunner.exe
cute(DefaultBuildOpera
tionRunner.java:166)
	at org.gradle.interna
l.operations.DefaultBu
ildOperationRunner.exe
cute(DefaultBuildOpera
tionRunner.java:59)
	at org.gradle.interna
l.operations.DefaultBu
ildOperationRunner.run
(DefaultBuildOperation
Runner.java:47)
	at org.gradle.api.int
ernal.tasks.execution.
TaskExecution.executeA
ction(TaskExecution.ja
va:237)
	at org.gradle.api.int
ernal.tasks.execution.
TaskExecution.executeA
ctions(TaskExecution.j
ava:220)
	at org.gradle.api.int
ernal.tasks.execution.
TaskExecution.executeW
ithPreviousOutputFiles
(TaskExecution.java:20
3)
	at org.gradle.api.int
ernal.tasks.execution.
TaskExecution.execute(
TaskExecution.java:170
)
	at org.gradle.interna
l.execution.steps.Exec
uteStep.executeInterna
l(ExecuteStep.java:105
)
	at org.gradle.interna
l.execution.steps.Exec
uteStep.access$000(Exe
cuteStep.java:44)
	at org.gradle.interna
l.execution.steps.Exec
uteStep$1.call(Execute
Step.java:59)
	at org.gradle.interna
l.execution.steps.Exec
uteStep$1.call(Execute
Step.java:56)
	at org.gradle.interna
l.operations.DefaultBu
ildOperationRunner$Cal
lableBuildOperationWor
ker.execute(DefaultBui
ldOperationRunner.java
:209)
	at org.gradle.interna
l.operations.DefaultBu
ildOperationRunner$Cal
lableBuildOperationWor
ker.execute(DefaultBui
ldOperationRunner.java
:204)
	at org.gradle.interna
l.operations.DefaultBu
ildOperationRunner$2.e
xecute(DefaultBuildOpe
rationRunner.java:66)
	at org.gradle.interna
l.operations.DefaultBu
ildOperationRunner$2.e
xecute(DefaultBuildOpe
rationRunner.java:59)
	at org.gradle.interna
l.operations.DefaultBu
ildOperationRunner.exe
cute(DefaultBuildOpera
tionRunner.java:166)
	at org.gradle.interna
l.operations.DefaultBu
ildOperationRunner.exe
cute(DefaultBuildOpera
tionRunner.java:59)
	at org.gradle.interna
l.operations.DefaultBu
ildOperationRunner.cal
l(DefaultBuildOperatio
nRunner.java:53)
	at org.gradle.interna
l.execution.steps.Exec
uteStep.execute(Execut
eStep.java:56)
	at org.gradle.interna
l.execution.steps.Exec
uteStep.execute(Execut
eStep.java:44)
	at org.gradle.interna
l.execution.steps.Canc
elExecutionStep.execut
e(CancelExecutionStep.
java:42)
	at org.gradle.interna
l.execution.steps.Time
outStep.executeWithout
Timeout(TimeoutStep.ja
va:75)
	at org.gradle.interna
l.execution.steps.Time
outStep.execute(Timeou
tStep.java:55)
	at org.gradle.interna
l.execution.steps.PreC
reateOutputParentsStep
.execute(PreCreateOutp
utParentsStep.java:50)
	at org.gradle.interna
l.execution.steps.PreC
reateOutputParentsStep
.execute(PreCreateOutp
utParentsStep.java:28)
	at org.gradle.interna
l.execution.steps.Remo
vePreviousOutputsStep.
execute(RemovePrevious
OutputsStep.java:68)
	at org.gradle.interna
l.execution.steps.Remo
vePreviousOutputsStep.
execute(RemovePrevious
OutputsStep.java:38)
	at org.gradle.interna
l.execution.steps.Broa
dcastChangingOutputsSt
ep.execute(BroadcastCh
angingOutputsStep.java
:61)
	at org.gradle.interna
l.execution.steps.Broa
dcastChangingOutputsSt
ep.execute(BroadcastCh
angingOutputsStep.java
:26)
	at org.gradle.interna
l.execution.steps.Capt
ureOutputsAfterExecuti
onStep.execute(Capture
OutputsAfterExecutionS
tep.java:69)
	at org.gradle.interna
l.execution.steps.Capt
ureOutputsAfterExecuti
onStep.execute(Capture
OutputsAfterExecutionS
tep.java:46)
	at org.gradle.interna
l.execution.steps.Reso
lveInputChangesStep.ex
ecute(ResolveInputChan
gesStep.java:39)
	at org.gradle.interna
l.execution.steps.Reso
lveInputChangesStep.ex
ecute(ResolveInputChan
gesStep.java:28)
	at org.gradle.interna
l.execution.steps.Buil
dCacheStep.executeWith
outCache(BuildCacheSte
p.java:189)
	at org.gradle.interna
l.execution.steps.Buil
dCacheStep.lambda$exec
ute$1(BuildCacheStep.j
ava:75)
	at org.gradle.interna
l.Either$Right.fold(Ei
ther.java:176)
	at org.gradle.interna
l.execution.caching.Ca
chingState.fold(Cachin
gState.java:62)
	at org.gradle.interna
l.execution.steps.Buil
dCacheStep.execute(Bui
ldCacheStep.java:73)
	at org.gradle.interna
l.execution.steps.Buil
dCacheStep.execute(Bui
ldCacheStep.java:48)
	at org.gradle.interna
l.execution.steps.Stor
eExecutionStateStep.ex
ecute(StoreExecutionSt
ateStep.java:46)
	at org.gradle.interna
l.execution.steps.Stor
eExecutionStateStep.ex
ecute(StoreExecutionSt
ateStep.java:35)
	at org.gradle.interna
l.execution.steps.Skip
UpToDateStep.executeBe
cause(SkipUpToDateStep
.java:75)
	at org.gradle.interna
l.execution.steps.Skip
UpToDateStep.lambda$ex
ecute$2(SkipUpToDateSt
ep.java:53)
	at org.gradle.interna
l.execution.steps.Skip
UpToDateStep.execute(S
kipUpToDateStep.java:5
3)
	at org.gradle.interna
l.execution.steps.Skip
UpToDateStep.execute(S
kipUpToDateStep.java:3
5)
	at org.gradle.interna
l.execution.steps.lega
cy.MarkSnapshottingInp
utsFinishedStep.execut
e(MarkSnapshottingInpu
tsFinishedStep.java:37
)
	at org.gradle.interna
l.execution.steps.lega
cy.MarkSnapshottingInp
utsFinishedStep.execut
e(MarkSnapshottingInpu
tsFinishedStep.java:27
)
	at org.gradle.interna
l.execution.steps.Reso
lveIncrementalCachingS
tateStep.executeDelega
te(ResolveIncrementalC
achingStateStep.java:4
9)
	at org.gradle.interna
l.execution.steps.Reso
lveIncrementalCachingS
tateStep.executeDelega
te(ResolveIncrementalC
achingStateStep.java:2
7)
	at org.gradle.interna
l.execution.steps.Abst
ractResolveCachingStat
eStep.execute(Abstract
ResolveCachingStateSte
p.java:71)
	at org.gradle.interna
l.execution.steps.Abst
ractResolveCachingStat
eStep.execute(Abstract
ResolveCachingStateSte
p.java:39)
	at org.gradle.interna
l.execution.steps.Reso
lveChangesStep.execute
(ResolveChangesStep.ja
va:64)
	at org.gradle.interna
l.execution.steps.Reso
lveChangesStep.execute
(ResolveChangesStep.ja
va:35)
	at org.gradle.interna
l.execution.steps.Vali
dateStep.execute(Valid
ateStep.java:62)
	at org.gradle.interna
l.execution.steps.Vali
dateStep.execute(Valid
ateStep.java:40)
	at org.gradle.interna
l.execution.steps.Abst
ractCaptureStateBefore
ExecutionStep.execute(
AbstractCaptureStateBe
foreExecutionStep.java
:76)
	at org.gradle.interna
l.execution.steps.Abst
ractCaptureStateBefore
ExecutionStep.execute(
AbstractCaptureStateBe
foreExecutionStep.java
:45)
	at org.gradle.interna
l.execution.steps.Abst
ractSkipEmptyWorkStep.
executeWithNonEmptySou
rces(AbstractSkipEmpty
WorkStep.java:136)
	at org.gradle.interna
l.execution.steps.Abst
ractSkipEmptyWorkStep.
execute(AbstractSkipEm
ptyWorkStep.java:66)
	at org.gradle.interna
l.execution.steps.Abst
ractSkipEmptyWorkStep.
execute(AbstractSkipEm
ptyWorkStep.java:38)
	at org.gradle.interna
l.execution.steps.lega
cy.MarkSnapshottingInp
utsStartedStep.execute
(MarkSnapshottingInput
sStartedStep.java:38)
	at org.gradle.interna
l.execution.steps.Load
PreviousExecutionState
Step.execute(LoadPrevi
ousExecutionStateStep.
java:36)
	at org.gradle.interna
l.execution.steps.Load
PreviousExecutionState
Step.execute(LoadPrevi
ousExecutionStateStep.
java:23)
	at org.gradle.interna
l.execution.steps.Hand
leStaleOutputsStep.exe
cute(HandleStaleOutput
sStep.java:75)
	at org.gradle.interna
l.execution.steps.Hand
leStaleOutputsStep.exe
cute(HandleStaleOutput
sStep.java:41)
	at org.gradle.interna
l.execution.steps.Assi
gnMutableWorkspaceStep
.lambda$execute$0(Assi
gnMutableWorkspaceStep
.java:35)
	at org.gradle.api.int
ernal.tasks.execution.
TaskExecution$4.withWo
rkspace(TaskExecution.
java:297)
	at org.gradle.interna
l.execution.steps.Assi
gnMutableWorkspaceStep
.execute(AssignMutable
WorkspaceStep.java:31)
	at org.gradle.interna
l.execution.steps.Assi
gnMutableWorkspaceStep
.execute(AssignMutable
WorkspaceStep.java:22)
	at org.gradle.interna
l.execution.steps.Choo
sePipelineStep.execute
(ChoosePipelineStep.ja
va:40)
	at org.gradle.interna
l.execution.steps.Choo
sePipelineStep.execute
(ChoosePipelineStep.ja
va:23)
	at org.gradle.interna
l.execution.steps.Exec
uteWorkBuildOperationF
iringStep.lambda$execu
te$2(ExecuteWorkBuildO
perationFiringStep.jav
a:67)
	at org.gradle.interna
l.execution.steps.Exec
uteWorkBuildOperationF
iringStep.execute(Exec
uteWorkBuildOperationF
iringStep.java:67)
	at org.gradle.interna
l.execution.steps.Exec
uteWorkBuildOperationF
iringStep.execute(Exec
uteWorkBuildOperationF
iringStep.java:39)
	at org.gradle.interna
l.execution.steps.Iden
tityCacheStep.execute(
IdentityCacheStep.java
:46)
	at org.gradle.interna
l.execution.steps.Iden
tityCacheStep.execute(
IdentityCacheStep.java
:34)
	at org.gradle.interna
l.execution.steps.Iden
tifyStep.execute(Ident
ifyStep.java:47)
	at org.gradle.interna
l.execution.steps.Iden
tifyStep.execute(Ident
ifyStep.java:34)
	at org.gradle.interna
l.execution.impl.Defau
ltExecutionEngine$1.ex
ecute(DefaultExecution
Engine.java:64)
	at org.gradle.api.int
ernal.tasks.execution.
ExecuteActionsTaskExec
uter.executeIfValid(Ex
ecuteActionsTaskExecut
er.java:132)
	... 29 more
Caused by: org.jetbrai
ns.kotlin.gradle.tasks
.CompilationErrorExcep
tion: Compilation 
error. See log for 
more details
	at org.jetbrains.kotl
in.gradle.tasks.TasksU
tilsKt.throwExceptionI
fCompilationFailed(tas
ksUtils.kt:21)
	at org.jetbrains.kotl
in.compilerRunner.Grad
leKotlinCompilerWork.r
un(GradleKotlinCompile
rWork.kt:115)
	at org.jetbrains.kotl
in.compilerRunner.Grad
leCompilerRunnerWithWo
rkers$GradleKotlinComp
ilerWorkAction.execute
(GradleCompilerRunnerW
ithWorkers.kt:74)
	at org.gradle.workers
.internal.DefaultWorke
rServer.execute(Defaul
tWorkerServer.java:68)
	at org.gradle.workers
.internal.NoIsolationW
orkerFactory$1$1.creat
e(NoIsolationWorkerFac
tory.java:66)
	at org.gradle.workers
.internal.NoIsolationW
orkerFactory$1$1.creat
e(NoIsolationWorkerFac
tory.java:62)
	at org.gradle.interna
l.classloader.ClassLoa
derUtils.executeInClas
sloader(ClassLoaderUti
ls.java:100)
	at org.gradle.workers
.internal.NoIsolationW
orkerFactory$1.lambda$
execute$0(NoIsolationW
orkerFactory.java:62)
	at org.gradle.workers
.internal.AbstractWork
er$1.call(AbstractWork
er.java:44)
	at org.gradle.workers
.internal.AbstractWork
er$1.call(AbstractWork
er.java:41)
	at org.gradle.interna
l.operations.DefaultBu
ildOperationRunner$Cal
lableBuildOperationWor
ker.execute(DefaultBui
ldOperationRunner.java
:209)
	at org.gradle.interna
l.operations.DefaultBu
ildOperationRunner$Cal
lableBuildOperationWor
ker.execute(DefaultBui
ldOperationRunner.java
:204)
	at org.gradle.interna
l.operations.DefaultBu
ildOperationRunner$2.e
xecute(DefaultBuildOpe
rationRunner.java:66)
	at org.gradle.interna
l.operations.DefaultBu
ildOperationRunner$2.e
xecute(DefaultBuildOpe
rationRunner.java:59)
	at org.gradle.interna
l.operations.DefaultBu
ildOperationRunner.exe
cute(DefaultBuildOpera
tionRunner.java:166)
	at org.gradle.interna
l.operations.DefaultBu
ildOperationRunner.exe
cute(DefaultBuildOpera
tionRunner.java:59)
	at org.gradle.interna
l.operations.DefaultBu
ildOperationRunner.cal
l(DefaultBuildOperatio
nRunner.java:53)
	at org.gradle.workers
.internal.AbstractWork
er.executeWrappedInBui
ldOperation(AbstractWo
rker.java:41)
	at org.gradle.workers
.internal.NoIsolationW
orkerFactory$1.execute
(NoIsolationWorkerFact
ory.java:59)
	at org.gradle.workers
.internal.DefaultWorke
rExecutor.lambda$submi
tWork$0(DefaultWorkerE
xecutor.java:176)
	at org.gradle.interna
l.work.DefaultConditio
nalExecutionQueue$Exec
utionRunner.runExecuti
on(DefaultConditionalE
xecutionQueue.java:194
)
	at org.gradle.interna
l.work.DefaultConditio
nalExecutionQueue$Exec
utionRunner.access$700
(DefaultConditionalExe
cutionQueue.java:127)
	at org.gradle.interna
l.work.DefaultConditio
nalExecutionQueue$Exec
utionRunner$1.run(Defa
ultConditionalExecutio
nQueue.java:169)
	at org.gradle.interna
l.Factories$1.create(F
actories.java:31)
	at org.gradle.interna
l.work.DefaultWorkerLe
aseService.withLocks(D
efaultWorkerLeaseServi
ce.java:263)
	at org.gradle.interna
l.work.DefaultWorkerLe
aseService.runAsWorker
Thread(DefaultWorkerLe
aseService.java:127)
	at org.gradle.interna
l.work.DefaultWorkerLe
aseService.runAsWorker
Thread(DefaultWorkerLe
aseService.java:132)
	at org.gradle.interna
l.work.DefaultConditio
nalExecutionQueue$Exec
utionRunner.runBatch(D
efaultConditionalExecu
tionQueue.java:164)
	at org.gradle.interna
l.work.DefaultConditio
nalExecutionQueue$Exec
utionRunner.run(Defaul
tConditionalExecutionQ
ueue.java:133)
	... 2 more
1 actionable task: 1 executed


BUILD FAILED in 4s
